#
# There is insufficient memory for the Java Runtime Environment to continue.
# Native memory allocation (malloc) failed to allocate 32744 bytes for ChunkPool::allocate
# Possible reasons:
#   The system is out of physical RAM or swap space
#   The process is running with CompressedOops enabled, and the Java Heap may be blocking the growth of the native heap
# Possible solutions:
#   Reduce memory load on the system
#   Increase physical memory or swap space
#   Check if swap backing store is full
#   Decrease Java heap size (-Xmx/-Xms)
#   Decrease number of Java threads
#   Decrease Java thread stack sizes (-Xss)
#   Set larger code cache with -XX:ReservedCodeCacheSize=
#   JVM is running with Zero Based Compressed Oops mode in which the Java heap is
#     placed in the first 32GB address space. The Java Heap base address is the
#     maximum limit for the native heap growth. Please use -XX:HeapBaseMinAddress
#     to set the Java Heap base and to place the Java Heap above 32GB virtual address.
# This output file may be truncated or incomplete.
#
#  Out of Memory Error (allocation.cpp:272), pid=21776, tid=0x0000000000000250
#
# JRE version: Java(TM) SE Runtime Environment (8.0_321-b07) (build 1.8.0_321-b07)
# Java VM: Java HotSpot(TM) 64-Bit Server VM (25.321-b07 mixed mode windows-amd64 compressed oops)
# Failed to write core dump. Minidumps are not enabled by default on client versions of Windows
#

---------------  T H R E A D  ---------------

Current thread (0x000001ca3f0a4800):  JavaThread "C1 CompilerThread11" daemon [_thread_in_native, id=592, stack(0x00000051cf700000,0x00000051cf800000)]

Stack: [0x00000051cf700000,0x00000051cf800000]
Native frames: (J=compiled Java code, j=interpreted, Vv=VM code, C=native code)
V  [jvm.dll+0x32fc49]


Current CompileTask:
C1: 203489 5391       1       java.util.concurrent.ScheduledThreadPoolExecutor$ScheduledFutureTask::setNextRunTime (38 bytes)


---------------  P R O C E S S  ---------------

Java Threads: ( => current thread )
  0x000001ca414d1000 JavaThread "HikariPool-1 housekeeper" daemon [_thread_blocked, id=4264, stack(0x00000051d1200000,0x00000051d1300000)]
  0x000001ca414d0000 JavaThread "DestroyJavaVM" [_thread_blocked, id=13724, stack(0x00000051cd600000,0x00000051cd700000)]
  0x000001ca414d6000 JavaThread "http-nio-8080-Acceptor" daemon [_thread_in_native, id=25148, stack(0x00000051d0e00000,0x00000051d0f00000)]
  0x000001ca414d3000 JavaThread "http-nio-8080-ClientPoller" daemon [_thread_in_native, id=25816, stack(0x00000051d0d00000,0x00000051d0e00000)]
  0x000001ca414d5800 JavaThread "http-nio-8080-exec-10" daemon [_thread_blocked, id=31672, stack(0x00000051d0c00000,0x00000051d0d00000)]
  0x000001ca414d2800 JavaThread "http-nio-8080-exec-9" daemon [_thread_blocked, id=9972, stack(0x00000051d0b00000,0x00000051d0c00000)]
  0x000001ca414d4800 JavaThread "http-nio-8080-exec-8" daemon [_thread_blocked, id=12296, stack(0x00000051d0a00000,0x00000051d0b00000)]
  0x000001ca414cf800 JavaThread "http-nio-8080-exec-7" daemon [_thread_blocked, id=30804, stack(0x00000051d0900000,0x00000051d0a00000)]
  0x000001ca414cd000 JavaThread "http-nio-8080-exec-6" daemon [_thread_blocked, id=19080, stack(0x00000051d0800000,0x00000051d0900000)]
  0x000001ca414ce800 JavaThread "http-nio-8080-exec-5" daemon [_thread_blocked, id=28884, stack(0x00000051d0700000,0x00000051d0800000)]
  0x000001ca414d4000 JavaThread "http-nio-8080-exec-4" daemon [_thread_blocked, id=23444, stack(0x00000051d0600000,0x00000051d0700000)]
  0x000001ca414d1800 JavaThread "http-nio-8080-exec-3" daemon [_thread_blocked, id=13628, stack(0x00000051d0500000,0x00000051d0600000)]
  0x000001ca414ce000 JavaThread "http-nio-8080-exec-2" daemon [_thread_blocked, id=24332, stack(0x00000051d0400000,0x00000051d0500000)]
  0x000001ca3f0a5800 JavaThread "http-nio-8080-exec-1" daemon [_thread_blocked, id=22744, stack(0x00000051d0300000,0x00000051d0400000)]
  0x000001ca3f0a3000 JavaThread "http-nio-8080-BlockPoller" daemon [_thread_in_native, id=29964, stack(0x00000051d0200000,0x00000051d0300000)]
  0x000001ca41206800 JavaThread "mysql-cj-abandoned-connection-cleanup" daemon [_thread_blocked, id=5544, stack(0x00000051d0000000,0x00000051d0100000)]
  0x000001ca410f3800 JavaThread "container-0" [_thread_blocked, id=24276, stack(0x00000051cff00000,0x00000051d0000000)]
  0x000001ca410f3000 JavaThread "Catalina-utility-2" [_thread_blocked, id=25484, stack(0x00000051cfe00000,0x00000051cff00000)]
  0x000001ca410ea800 JavaThread "Catalina-utility-1" [_thread_blocked, id=23320, stack(0x00000051cfd00000,0x00000051cfe00000)]
  0x000001ca40a5a800 JavaThread "RMI Scheduler(0)" daemon [_thread_blocked, id=14500, stack(0x00000051cfc00000,0x00000051cfd00000)]
  0x000001ca3fd5b800 JavaThread "RMI TCP Accept-0" daemon [_thread_in_native, id=17664, stack(0x00000051cf900000,0x00000051cfa00000)]
  0x000001ca3f16f800 JavaThread "Service Thread" daemon [_thread_blocked, id=20860, stack(0x00000051cf800000,0x00000051cf900000)]
=>0x000001ca3f0a4800 JavaThread "C1 CompilerThread11" daemon [_thread_in_native, id=592, stack(0x00000051cf700000,0x00000051cf800000)]
  0x000001ca3f0a4000 JavaThread "C1 CompilerThread10" daemon [_thread_blocked, id=27408, stack(0x00000051cf600000,0x00000051cf700000)]
  0x000001ca3f0a2800 JavaThread "C1 CompilerThread9" daemon [_thread_blocked, id=18440, stack(0x00000051cf500000,0x00000051cf600000)]
  0x000001ca3f0a9000 JavaThread "C1 CompilerThread8" daemon [_thread_blocked, id=27156, stack(0x00000051cf400000,0x00000051cf500000)]
  0x000001ca3f0a8800 JavaThread "C2 CompilerThread7" daemon [_thread_blocked, id=14892, stack(0x00000051cf300000,0x00000051cf400000)]
  0x000001ca3f0a7800 JavaThread "C2 CompilerThread6" daemon [_thread_blocked, id=17352, stack(0x00000051cf200000,0x00000051cf300000)]
  0x000001ca3f0a7000 JavaThread "C2 CompilerThread5" daemon [_thread_blocked, id=21920, stack(0x00000051cf100000,0x00000051cf200000)]
  0x000001ca3f0a6000 JavaThread "C2 CompilerThread4" daemon [_thread_blocked, id=30260, stack(0x00000051cf000000,0x00000051cf100000)]
  0x000001ca3f0a1800 JavaThread "C2 CompilerThread3" daemon [_thread_blocked, id=3948, stack(0x00000051cef00000,0x00000051cf000000)]
  0x000001ca3f09a800 JavaThread "C2 CompilerThread2" daemon [_thread_blocked, id=19136, stack(0x00000051cee00000,0x00000051cef00000)]
  0x000001ca3f092000 JavaThread "C2 CompilerThread1" daemon [_thread_blocked, id=5956, stack(0x00000051ced00000,0x00000051cee00000)]
  0x000001ca3f08c800 JavaThread "C2 CompilerThread0" daemon [_thread_blocked, id=9680, stack(0x00000051cec00000,0x00000051ced00000)]
  0x000001ca3f081800 JavaThread "JDWP Command Reader" daemon [_thread_in_native, id=1932, stack(0x00000051ceb00000,0x00000051cec00000)]
  0x000001ca3f07e800 JavaThread "JDWP Event Helper Thread" daemon [_thread_blocked, id=26248, stack(0x00000051cea00000,0x00000051ceb00000)]
  0x000001ca3f071000 JavaThread "JDWP Transport Listener: dt_socket" daemon [_thread_blocked, id=13040, stack(0x00000051ce900000,0x00000051cea00000)]
  0x000001ca3f052000 JavaThread "Attach Listener" daemon [_thread_blocked, id=17716, stack(0x00000051ce800000,0x00000051ce900000)]
  0x000001ca3f04f000 JavaThread "Signal Dispatcher" daemon [_thread_blocked, id=25456, stack(0x00000051ce700000,0x00000051ce800000)]
  0x000001ca3eff0800 JavaThread "Finalizer" daemon [_thread_blocked, id=15796, stack(0x00000051ce600000,0x00000051ce700000)]
  0x000001ca3c2db000 JavaThread "Reference Handler" daemon [_thread_blocked, id=12720, stack(0x00000051ce500000,0x00000051ce600000)]

Other Threads:
  0x000001ca3c2d4000 VMThread [stack: 0x00000051ce400000,0x00000051ce500000] [id=11276]
  0x000001ca3fd70800 WatcherThread [stack: 0x00000051cfa00000,0x00000051cfb00000] [id=29520]

VM state:not at safepoint (normal execution)

VM Mutex/Monitor currently owned by a thread: None

heap address: 0x00000006e2400000, size: 3548 MB, Compressed Oops mode: Zero based, Oop shift amount: 3
Narrow klass base: 0x0000000000000000, Narrow klass shift: 3
Compressed class space size: 1073741824 Address: 0x00000007c0000000

Heap:
 PSYoungGen      total 189952K, used 131040K [0x0000000776180000, 0x0000000783b00000, 0x00000007c0000000)
  eden space 178176K, 73% used [0x0000000776180000,0x000000077e178358,0x0000000780f80000)
  from space 11776K, 0% used [0x0000000781b00000,0x0000000781b00000,0x0000000782680000)
  to   space 11776K, 0% used [0x0000000780f80000,0x0000000780f80000,0x0000000781b00000)
 ParOldGen       total 110592K, used 15147K [0x00000006e2400000, 0x00000006e9000000, 0x0000000776180000)
  object space 110592K, 13% used [0x00000006e2400000,0x00000006e32cae50,0x00000006e9000000)
 Metaspace       used 45059K, capacity 47942K, committed 48128K, reserved 1091584K
  class space    used 5854K, capacity 6395K, committed 6400K, reserved 1048576K

Card table byte_map: [0x000001ca33640000,0x000001ca33d30000] byte_map_base: 0x000001ca2ff2e000

Marking Bits: (ParMarkBitMap*) 0x000000005d169030
 Begin Bits: [0x000001ca341d0000, 0x000001ca37940000)
 End Bits:   [0x000001ca37940000, 0x000001ca3b0b0000)

Polling page: 0x000001ca22aa0000

CodeCache: size=245760Kb used=12103Kb max_used=12103Kb free=233656Kb
 bounds [0x000001ca24280000, 0x000001ca24e60000, 0x000001ca33280000]
 total_blobs=5852 nmethods=5307 adapters=463
 compilation: enabled

Compilation events (10 events):
Event: 203.486 Thread 0x000001ca3f0a9000 5387       1       java.util.concurrent.ScheduledThreadPoolExecutor$ScheduledFutureTask::run (59 bytes)
Event: 203.486 Thread 0x000001ca3f0a2800 5388       1       java.util.concurrent.ScheduledThreadPoolExecutor$ScheduledFutureTask::isPeriodic (15 bytes)
Event: 203.486 Thread 0x000001ca3f0a4000 5389       1       java.util.concurrent.ScheduledThreadPoolExecutor$ScheduledFutureTask::access$301 (5 bytes)
Event: 203.486 Thread 0x000001ca3f0a2800 nmethod 5388 0x000001ca24864a90 code [0x000001ca24864be0, 0x000001ca24864d18]
Event: 203.486 Thread 0x000001ca3f0a4000 nmethod 5389 0x000001ca24e52a90 code [0x000001ca24e52be0, 0x000001ca24e52d10]
Event: 203.486 Thread 0x000001ca3f0a4000 5390   !   1       java.util.concurrent.FutureTask::runAndReset (128 bytes)
Event: 203.486 Thread 0x000001ca3f0a4800 nmethod 5386 0x000001ca24e52dd0 code [0x000001ca24e52f40, 0x000001ca24e531b0]
Event: 203.486 Thread 0x000001ca3f0a4800 5391       1       java.util.concurrent.ScheduledThreadPoolExecutor$ScheduledFutureTask::setNextRunTime (38 bytes)
Event: 203.486 Thread 0x000001ca3f0a9000 nmethod 5387 0x000001ca24992150 code [0x000001ca249922e0, 0x000001ca249925b0]
Event: 203.486 Thread 0x000001ca3f0a4000 nmethod 5390 0x000001ca24e53350 code [0x000001ca24e534e0, 0x000001ca24e538c0]

GC Heap History (10 events):
Event: 2.381 GC heap before
{Heap before GC invocations=4 (full 1):
 PSYoungGen      total 66560K, used 6526K [0x0000000776180000, 0x000000077e380000, 0x00000007c0000000)
  eden space 57344K, 0% used [0x0000000776180000,0x0000000776180000,0x0000000779980000)
  from space 9216K, 70% used [0x0000000779980000,0x0000000779fdf8a8,0x000000077a280000)
  to   space 9216K, 0% used [0x000000077da80000,0x000000077da80000,0x000000077e380000)
 ParOldGen       total 151552K, used 2441K [0x00000006e2400000, 0x00000006eb800000, 0x0000000776180000)
  object space 151552K, 1% used [0x00000006e2400000,0x00000006e2662430,0x00000006eb800000)
 Metaspace       used 20172K, capacity 21214K, committed 21296K, reserved 1067008K
  class space    used 2676K, capacity 2911K, committed 2944K, reserved 1048576K
Event: 2.405 GC heap after
Heap after GC invocations=4 (full 1):
 PSYoungGen      total 66560K, used 0K [0x0000000776180000, 0x000000077e380000, 0x00000007c0000000)
  eden space 57344K, 0% used [0x0000000776180000,0x0000000776180000,0x0000000779980000)
  from space 9216K, 0% used [0x0000000779980000,0x0000000779980000,0x000000077a280000)
  to   space 9216K, 0% used [0x000000077da80000,0x000000077da80000,0x000000077e380000)
 ParOldGen       total 77312K, used 6307K [0x00000006e2400000, 0x00000006e6f80000, 0x0000000776180000)
  object space 77312K, 8% used [0x00000006e2400000,0x00000006e2a28f48,0x00000006e6f80000)
 Metaspace       used 20172K, capacity 21214K, committed 21296K, reserved 1067008K
  class space    used 2676K, capacity 2911K, committed 2944K, reserved 1048576K
}
Event: 3.249 GC heap before
{Heap before GC invocations=5 (full 1):
 PSYoungGen      total 66560K, used 57344K [0x0000000776180000, 0x000000077e380000, 0x00000007c0000000)
  eden space 57344K, 100% used [0x0000000776180000,0x0000000779980000,0x0000000779980000)
  from space 9216K, 0% used [0x0000000779980000,0x0000000779980000,0x000000077a280000)
  to   space 9216K, 0% used [0x000000077da80000,0x000000077da80000,0x000000077e380000)
 ParOldGen       total 77312K, used 6307K [0x00000006e2400000, 0x00000006e6f80000, 0x0000000776180000)
  object space 77312K, 8% used [0x00000006e2400000,0x00000006e2a28f48,0x00000006e6f80000)
 Metaspace       used 25528K, capacity 27302K, committed 27648K, reserved 1073152K
  class space    used 3418K, capacity 3749K, committed 3840K, reserved 1048576K
Event: 3.255 GC heap after
Heap after GC invocations=5 (full 1):
 PSYoungGen      total 110592K, used 8164K [0x0000000776180000, 0x000000077e280000, 0x00000007c0000000)
  eden space 102400K, 0% used [0x0000000776180000,0x0000000776180000,0x000000077c580000)
  from space 8192K, 99% used [0x000000077da80000,0x000000077e2793b0,0x000000077e280000)
  to   space 9216K, 0% used [0x000000077d080000,0x000000077d080000,0x000000077d980000)
 ParOldGen       total 77312K, used 6315K [0x00000006e2400000, 0x00000006e6f80000, 0x0000000776180000)
  object space 77312K, 8% used [0x00000006e2400000,0x00000006e2a2af48,0x00000006e6f80000)
 Metaspace       used 25528K, capacity 27302K, committed 27648K, reserved 1073152K
  class space    used 3418K, capacity 3749K, committed 3840K, reserved 1048576K
}
Event: 4.872 GC heap before
{Heap before GC invocations=6 (full 1):
 PSYoungGen      total 110592K, used 110564K [0x0000000776180000, 0x000000077e280000, 0x00000007c0000000)
  eden space 102400K, 100% used [0x0000000776180000,0x000000077c580000,0x000000077c580000)
  from space 8192K, 99% used [0x000000077da80000,0x000000077e2793b0,0x000000077e280000)
  to   space 9216K, 0% used [0x000000077d080000,0x000000077d080000,0x000000077d980000)
 ParOldGen       total 77312K, used 6315K [0x00000006e2400000, 0x00000006e6f80000, 0x0000000776180000)
  object space 77312K, 8% used [0x00000006e2400000,0x00000006e2a2af48,0x00000006e6f80000)
 Metaspace       used 31401K, capacity 33472K, committed 33792K, reserved 1079296K
  class space    used 4193K, capacity 4552K, committed 4608K, reserved 1048576K
Event: 4.879 GC heap after
Heap after GC invocations=6 (full 1):
 PSYoungGen      total 122880K, used 9169K [0x0000000776180000, 0x0000000782680000, 0x00000007c0000000)
  eden space 113664K, 0% used [0x0000000776180000,0x0000000776180000,0x000000077d080000)
  from space 9216K, 99% used [0x000000077d080000,0x000000077d974618,0x000000077d980000)
  to   space 11776K, 0% used [0x0000000781b00000,0x0000000781b00000,0x0000000782680000)
 ParOldGen       total 77312K, used 6387K [0x00000006e2400000, 0x00000006e6f80000, 0x0000000776180000)
  object space 77312K, 8% used [0x00000006e2400000,0x00000006e2a3cf58,0x00000006e6f80000)
 Metaspace       used 31401K, capacity 33472K, committed 33792K, reserved 1079296K
  class space    used 4193K, capacity 4552K, committed 4608K, reserved 1048576K
}
Event: 5.204 GC heap before
{Heap before GC invocations=7 (full 1):
 PSYoungGen      total 122880K, used 38384K [0x0000000776180000, 0x0000000782680000, 0x00000007c0000000)
  eden space 113664K, 25% used [0x0000000776180000,0x0000000777e07d20,0x000000077d080000)
  from space 9216K, 99% used [0x000000077d080000,0x000000077d974618,0x000000077d980000)
  to   space 11776K, 0% used [0x0000000781b00000,0x0000000781b00000,0x0000000782680000)
 ParOldGen       total 77312K, used 6387K [0x00000006e2400000, 0x00000006e6f80000, 0x0000000776180000)
  object space 77312K, 8% used [0x00000006e2400000,0x00000006e2a3cf58,0x00000006e6f80000)
 Metaspace       used 33131K, capacity 35470K, committed 35496K, reserved 1079296K
  class space    used 4428K, capacity 4839K, committed 4864K, reserved 1048576K
Event: 5.217 GC heap after
Heap after GC invocations=7 (full 1):
 PSYoungGen      total 189952K, used 9491K [0x0000000776180000, 0x0000000783b00000, 0x00000007c0000000)
  eden space 178176K, 0% used [0x0000000776180000,0x0000000776180000,0x0000000780f80000)
  from space 11776K, 80% used [0x0000000781b00000,0x0000000782444ea0,0x0000000782680000)
  to   space 11776K, 0% used [0x0000000780f80000,0x0000000780f80000,0x0000000781b00000)
 ParOldGen       total 77312K, used 6395K [0x00000006e2400000, 0x00000006e6f80000, 0x0000000776180000)
  object space 77312K, 8% used [0x00000006e2400000,0x00000006e2a3ef58,0x00000006e6f80000)
 Metaspace       used 33131K, capacity 35470K, committed 35496K, reserved 1079296K
  class space    used 4428K, capacity 4839K, committed 4864K, reserved 1048576K
}
Event: 5.217 GC heap before
{Heap before GC invocations=8 (full 2):
 PSYoungGen      total 189952K, used 9491K [0x0000000776180000, 0x0000000783b00000, 0x00000007c0000000)
  eden space 178176K, 0% used [0x0000000776180000,0x0000000776180000,0x0000000780f80000)
  from space 11776K, 80% used [0x0000000781b00000,0x0000000782444ea0,0x0000000782680000)
  to   space 11776K, 0% used [0x0000000780f80000,0x0000000780f80000,0x0000000781b00000)
 ParOldGen       total 77312K, used 6395K [0x00000006e2400000, 0x00000006e6f80000, 0x0000000776180000)
  object space 77312K, 8% used [0x00000006e2400000,0x00000006e2a3ef58,0x00000006e6f80000)
 Metaspace       used 33131K, capacity 35470K, committed 35496K, reserved 1079296K
  class space    used 4428K, capacity 4839K, committed 4864K, reserved 1048576K
Event: 5.287 GC heap after
Heap after GC invocations=8 (full 2):
 PSYoungGen      total 189952K, used 0K [0x0000000776180000, 0x0000000783b00000, 0x00000007c0000000)
  eden space 178176K, 0% used [0x0000000776180000,0x0000000776180000,0x0000000780f80000)
  from space 11776K, 0% used [0x0000000781b00000,0x0000000781b00000,0x0000000782680000)
  to   space 11776K, 0% used [0x0000000780f80000,0x0000000780f80000,0x0000000781b00000)
 ParOldGen       total 110592K, used 15147K [0x00000006e2400000, 0x00000006e9000000, 0x0000000776180000)
  object space 110592K, 13% used [0x00000006e2400000,0x00000006e32cae50,0x00000006e9000000)
 Metaspace       used 33131K, capacity 35470K, committed 35496K, reserved 1079296K
  class space    used 4428K, capacity 4839K, committed 4864K, reserved 1048576K
}

Deoptimization events (0 events):
No events

Classes redefined (0 events):
No events

Internal exceptions (10 events):
Event: 4.941 Thread 0x000001ca228c1800 Exception <a 'java/lang/ClassNotFoundException': org/springframework/context/ApplicationContextAwareCustomizer> (0x0000000776b30518) thrown at [C:\jenkins\workspace\8-2-build-windows-amd64-cygwin\jdk8u321\2141\hotspot\src\share\vm\classfile\systemDictiona
Event: 4.941 Thread 0x000001ca228c1800 Exception <a 'java/lang/ClassNotFoundException': org/springframework/beans/factory/AwareCustomizer> (0x0000000776b415a8) thrown at [C:\jenkins\workspace\8-2-build-windows-amd64-cygwin\jdk8u321\2141\hotspot\src\share\vm\classfile\systemDictionary.cpp, line
Event: 4.941 Thread 0x000001ca228c1800 Exception <a 'java/lang/ClassNotFoundException': org/springframework/web/context/ServletContextAwareCustomizer> (0x0000000776b53ad8) thrown at [C:\jenkins\workspace\8-2-build-windows-amd64-cygwin\jdk8u321\2141\hotspot\src\share\vm\classfile\systemDictiona
Event: 4.942 Thread 0x000001ca228c1800 Exception <a 'java/lang/ClassNotFoundException': org/springframework/beans/factory/AwareCustomizer> (0x0000000776b645d8) thrown at [C:\jenkins\workspace\8-2-build-windows-amd64-cygwin\jdk8u321\2141\hotspot\src\share\vm\classfile\systemDictionary.cpp, line
Event: 5.144 Thread 0x000001ca228c1800 Exception <a 'java/lang/NoSuchMethodError': java.lang.Object.lambda$thenComparing$36697e65$1(Ljava/util/Comparator;Ljava/lang/Object;Ljava/lang/Object;)I> (0x000000077794dc80) thrown at [C:\jenkins\workspace\8-2-build-windows-amd64-cygwin\jdk8u321\2141\ho
Event: 5.195 Thread 0x000001ca228c1800 Exception <a 'java/lang/IncompatibleClassChangeError': Found class java.lang.Object, but interface was expected> (0x0000000777beec58) thrown at [C:\jenkins\workspace\8-2-build-windows-amd64-cygwin\jdk8u321\2141\hotspot\src\share\vm\interpreter\linkResolve
Event: 5.393 Thread 0x000001ca41257800 Exception <a 'java/lang/reflect/InvocationTargetException'> (0x0000000776c1b8d8) thrown at [C:\jenkins\workspace\8-2-build-windows-amd64-cygwin\jdk8u321\2141\hotspot\src\share\vm\runtime\reflection.cpp, line 1092]
Event: 17.217 Thread 0x000001ca414ce000 Exception <a 'java/lang/ClassNotFoundException': java/util/MapBeanInfo> (0x0000000778f220b8) thrown at [C:\jenkins\workspace\8-2-build-windows-amd64-cygwin\jdk8u321\2141\hotspot\src\share\vm\classfile\systemDictionary.cpp, line 212]
Event: 17.218 Thread 0x000001ca414ce000 Exception <a 'java/lang/ClassNotFoundException': java/util/MapCustomizer> (0x0000000778f2a158) thrown at [C:\jenkins\workspace\8-2-build-windows-amd64-cygwin\jdk8u321\2141\hotspot\src\share\vm\classfile\systemDictionary.cpp, line 212]
Event: 181.399 Thread 0x000001ca414d1800 Exception <a 'java/lang/NoSuchMethodError': java.lang.Object.selectOne(Lcom/baomidou/mybatisplus/core/conditions/Wrapper;)Ljava/lang/Object;> (0x000000077c47acf8) thrown at [C:\jenkins\workspace\8-2-build-windows-amd64-cygwin\jdk8u321\2141\hotspot\src\sha

Events (10 events):
Event: 181.399 Thread 0x000001ca414d1800 DEOPT PACKING pc=0x000001ca246bcf94 sp=0x00000051d05fbe40
Event: 181.399 Thread 0x000001ca414d1800 DEOPT UNPACKING pc=0x000001ca242c7518 sp=0x00000051d05fbba0 mode 1
Event: 181.401 loading class com/baomidou/mybatisplus/core/toolkit/support/SFunction
Event: 181.401 loading class com/baomidou/mybatisplus/core/toolkit/support/SFunction done
Event: 181.401 loading class com/baomidou/mybatisplus/core/toolkit/support/SFunction
Event: 181.401 loading class com/baomidou/mybatisplus/core/toolkit/support/SFunction done
Event: 181.402 Executing VM operation: RevokeBias
Event: 181.403 Executing VM operation: RevokeBias done
Event: 200.482 Thread 0x000001ca3f0a2800 flushing nmethod 0x000001ca24864950
Event: 203.486 Thread 0x000001ca3f0a2800 flushing nmethod 0x000001ca24992150


Dynamic libraries:
0x00007ff76d3f0000 - 0x00007ff76d437000 	D:\JAVA\JDK8\bin\java.exe
0x00007fff28530000 - 0x00007fff28728000 	C:\WINDOWS\SYSTEM32\ntdll.dll
0x00007fff26be0000 - 0x00007fff26c9d000 	C:\WINDOWS\System32\KERNEL32.DLL
0x00007fff25e70000 - 0x00007fff26166000 	C:\WINDOWS\System32\KERNELBASE.dll
0x00007fff27e10000 - 0x00007fff27ebf000 	C:\WINDOWS\System32\ADVAPI32.dll
0x00007fff26e00000 - 0x00007fff26e9e000 	C:\WINDOWS\System32\msvcrt.dll
0x00007fff26870000 - 0x00007fff2690c000 	C:\WINDOWS\System32\sechost.dll
0x00007fff26ab0000 - 0x00007fff26bd6000 	C:\WINDOWS\System32\RPCRT4.dll
0x00007fff27a10000 - 0x00007fff27bae000 	C:\WINDOWS\System32\USER32.dll
0x00007fff263f0000 - 0x00007fff26412000 	C:\WINDOWS\System32\win32u.dll
0x00007fff279e0000 - 0x00007fff27a0c000 	C:\WINDOWS\System32\GDI32.dll
0x00007fff26470000 - 0x00007fff2658a000 	C:\WINDOWS\System32\gdi32full.dll
0x00007fff25dd0000 - 0x00007fff25e6d000 	C:\WINDOWS\System32\msvcp_win.dll
0x00007fff25cd0000 - 0x00007fff25dd0000 	C:\WINDOWS\System32\ucrtbase.dll
0x00007fff11db0000 - 0x00007fff1204a000 	C:\WINDOWS\WinSxS\amd64_microsoft.windows.common-controls_6595b64144ccf1df_6.0.19041.3636_none_60b6a03d71f818d5\COMCTL32.dll
0x00007fff26ca0000 - 0x00007fff26cd0000 	C:\WINDOWS\System32\IMM32.DLL
0x00007fff0d8a0000 - 0x00007fff0d8b5000 	D:\JAVA\JDK8\jre\bin\vcruntime140.dll
0x00007ffeef2d0000 - 0x00007ffeef36b000 	D:\JAVA\JDK8\jre\bin\msvcp140.dll
0x000000005c980000 - 0x000000005d1e1000 	D:\JAVA\JDK8\jre\bin\server\jvm.dll
0x00007fff27220000 - 0x00007fff27228000 	C:\WINDOWS\System32\PSAPI.DLL
0x00007fff1c890000 - 0x00007fff1c89a000 	C:\WINDOWS\SYSTEM32\VERSION.dll
0x00007fff19ac0000 - 0x00007fff19ae7000 	C:\WINDOWS\SYSTEM32\WINMM.dll
0x00007fff09be0000 - 0x00007fff09be9000 	C:\WINDOWS\SYSTEM32\WSOCK32.dll
0x00007fff27bb0000 - 0x00007fff27c1b000 	C:\WINDOWS\System32\WS2_32.dll
0x00007fff23cb0000 - 0x00007fff23cc2000 	C:\WINDOWS\SYSTEM32\kernel.appcore.dll
0x00007fff19ee0000 - 0x00007fff19ef0000 	D:\JAVA\JDK8\jre\bin\verify.dll
0x00007ffefdd30000 - 0x00007ffefdd5b000 	D:\JAVA\JDK8\jre\bin\java.dll
0x00007fff1b110000 - 0x00007fff1b146000 	D:\JAVA\JDK8\jre\bin\jdwp.dll
0x00007fff1d1b0000 - 0x00007fff1d1b9000 	D:\JAVA\JDK8\jre\bin\npt.dll
0x00007fff002a0000 - 0x00007fff002b8000 	D:\JAVA\JDK8\jre\bin\zip.dll
0x00007fff27230000 - 0x00007fff27975000 	C:\WINDOWS\System32\SHELL32.dll
0x00007fff23cd0000 - 0x00007fff2446b000 	C:\WINDOWS\SYSTEM32\windows.storage.dll
0x00007fff26eb0000 - 0x00007fff27204000 	C:\WINDOWS\System32\combase.dll
0x00007fff25650000 - 0x00007fff2567d000 	C:\WINDOWS\SYSTEM32\Wldp.dll
0x00007fff27c20000 - 0x00007fff27ccd000 	C:\WINDOWS\System32\SHCORE.dll
0x00007fff26a50000 - 0x00007fff26aa5000 	C:\WINDOWS\System32\shlwapi.dll
0x00007fff25b40000 - 0x00007fff25b65000 	C:\WINDOWS\SYSTEM32\profapi.dll
0x00007fff1d1a0000 - 0x00007fff1d1aa000 	D:\JAVA\JDK8\jre\bin\dt_socket.dll
0x00007fff253b0000 - 0x00007fff2541a000 	C:\WINDOWS\system32\mswsock.dll
0x00007fff02380000 - 0x00007fff0239c000 	D:\JAVA\JDK8\jre\bin\net.dll
0x00007fff250a0000 - 0x00007fff2516a000 	C:\WINDOWS\SYSTEM32\DNSAPI.dll
0x00007fff25050000 - 0x00007fff2508b000 	C:\WINDOWS\SYSTEM32\IPHLPAPI.DLL
0x00007fff26ea0000 - 0x00007fff26ea8000 	C:\WINDOWS\System32\NSI.dll
0x000000005e650000 - 0x000000005e676000 	C:\Program Files\Bonjour\mdnsNSP.dll
0x00007fff1e050000 - 0x00007fff1e05a000 	C:\Windows\System32\rasadhlp.dll
0x00007fff1c2a0000 - 0x00007fff1c320000 	C:\WINDOWS\System32\fwpuclnt.dll
0x00007fff25c10000 - 0x00007fff25c37000 	C:\WINDOWS\System32\bcrypt.dll
0x00007fff14f00000 - 0x00007fff14f0d000 	D:\JAVA\JDK8\jre\bin\management.dll
0x00007fff00150000 - 0x00007fff00163000 	D:\JAVA\JDK8\jre\bin\nio.dll
0x00007fff255a0000 - 0x00007fff255b8000 	C:\WINDOWS\SYSTEM32\CRYPTSP.dll
0x00007fff24c70000 - 0x00007fff24ca4000 	C:\WINDOWS\system32\rsaenh.dll
0x00007fff25ac0000 - 0x00007fff25aee000 	C:\WINDOWS\SYSTEM32\USERENV.dll
0x00007fff25c40000 - 0x00007fff25cc2000 	C:\WINDOWS\System32\bcryptprimitives.dll
0x00007fff255c0000 - 0x00007fff255cc000 	C:\WINDOWS\SYSTEM32\CRYPTBASE.dll
0x00007fff1e4e0000 - 0x00007fff1e4f7000 	C:\WINDOWS\SYSTEM32\dhcpcsvc6.DLL
0x00007fff1e4c0000 - 0x00007fff1e4dd000 	C:\WINDOWS\SYSTEM32\dhcpcsvc.DLL
0x00007fff0aee0000 - 0x00007fff0aef7000 	C:\WINDOWS\system32\napinsp.dll
0x00007fff0ade0000 - 0x00007fff0adfb000 	C:\WINDOWS\system32\pnrpnsp.dll
0x00007fff203f0000 - 0x00007fff20405000 	C:\WINDOWS\system32\wshbth.dll
0x00007fff20fc0000 - 0x00007fff20fdd000 	C:\WINDOWS\system32\NLAapi.dll
0x00007fff09fb0000 - 0x00007fff09fc2000 	C:\WINDOWS\System32\winrnr.dll
0x0000000180000000 - 0x0000000180289000 	D:\apache-tomcat-8.5.87\bin\tcnative-1.dll
0x00007fff261e0000 - 0x00007fff2633d000 	C:\WINDOWS\System32\CRYPT32.dll
0x00007ffef8650000 - 0x00007ffef8674000 	D:\JAVA\JDK8\jre\bin\sunec.dll
0x00007fff11950000 - 0x00007fff1195d000 	D:\JAVA\JDK8\jre\bin\sunmscapi.dll
0x00007fff256c0000 - 0x00007fff256e7000 	C:\WINDOWS\SYSTEM32\ncrypt.dll
0x00007fff25680000 - 0x00007fff256bb000 	C:\WINDOWS\SYSTEM32\NTASN1.dll

VM Arguments:
jvm_args: -agentlib:jdwp=transport=dt_socket,address=127.0.0.1:64642,suspend=y,server=n -XX:TieredStopAtLevel=1 -Xverify:none -Dspring.output.ansi.enabled=always -Dcom.sun.management.jmxremote -Dspring.jmx.enabled=true -Dspring.liveBeansView.mbeanDomain -Dspring.application.admin.enabled=true -Dmanagement.endpoints.jmx.exposure.include=* -Dfile.encoding=UTF-8 
java_command: cc.cat.CcCatApplication
java_class_path (initial): D:\JAVA\JDK8\jre\lib\charsets.jar;D:\JAVA\JDK8\jre\lib\deploy.jar;D:\JAVA\JDK8\jre\lib\ext\access-bridge-64.jar;D:\JAVA\JDK8\jre\lib\ext\cldrdata.jar;D:\JAVA\JDK8\jre\lib\ext\dnsns.jar;D:\JAVA\JDK8\jre\lib\ext\jaccess.jar;D:\JAVA\JDK8\jre\lib\ext\jfxrt.jar;D:\JAVA\JDK8\jre\lib\ext\localedata.jar;D:\JAVA\JDK8\jre\lib\ext\nashorn.jar;D:\JAVA\JDK8\jre\lib\ext\sunec.jar;D:\JAVA\JDK8\jre\lib\ext\sunjce_provider.jar;D:\JAVA\JDK8\jre\lib\ext\sunmscapi.jar;D:\JAVA\JDK8\jre\lib\ext\sunpkcs11.jar;D:\JAVA\JDK8\jre\lib\ext\zipfs.jar;D:\JAVA\JDK8\jre\lib\javaws.jar;D:\JAVA\JDK8\jre\lib\jce.jar;D:\JAVA\JDK8\jre\lib\jfr.jar;D:\JAVA\JDK8\jre\lib\jfxswt.jar;D:\JAVA\JDK8\jre\lib\jsse.jar;D:\JAVA\JDK8\jre\lib\management-agent.jar;D:\JAVA\JDK8\jre\lib\plugin.jar;D:\JAVA\JDK8\jre\lib\resources.jar;D:\JAVA\JDK8\jre\lib\rt.jar;D:\JAVA\ccCat\target\classes;D:\JAVA\package\Maven-respo\org\springframework\boot\spring-boot-starter-web\2.4.5\spring-boot-starter-web-2.4.5.jar;D:\JAVA\package\Maven-respo\org\springframework\boot\spring-boot-starter\2.4.5\spring-boot-starter-2.4.5.jar;D:\JAVA\package\Maven-respo\org\springframework\boot\spring-boot\2.4.5\spring-boot-2.4.5.jar;D:\JAVA\package\Maven-respo\org\springframework\boot\spring-boot-starter-logging\2.4.5\spring-boot-starter-logging-2.4.5.jar;D:\JAVA\package\Maven-respo\org\apache\logging\log4j\log4j-to-slf4j\2.13.3\log4j-to-slf4j-2.13.3.jar;D:\JAVA\package\Maven-respo\org\apache\logging\log4j\log4j-api\2.13.3\log4j-api-2.13.3.jar;D:\JAVA\package\Maven-respo\org\slf4j\jul-to-slf4j\1.7.30\jul-to-slf4j-1.7.30.jar;D:\JAVA\package\Maven-respo\jakarta\annotation\jakarta.annotation-api\1.3.5\jakarta.annotation-api-1.3.5.jar;D:\JAVA\package\Maven-respo\org\yaml\snakeyaml\1.27\snakeyaml-1.27.jar;D:\JAVA\package\Maven-respo\org\springframework\boot\spring-boot-starter-json\2.4.5\spring-boot-starter-json-2.4.5.jar;D:\JAVA\package\Maven-respo\com\fasterxml\jackson\core\jackson-databind\2.11.4\jackson-databind-2.11.4.jar;D:
Launcher Type: SUN_STANDARD

Environment Variables:
JAVA_HOME=D:\JAVA\JDK8
PATH=D:\miniconda;D:\miniconda\Library\mingw-w64\bin;D:\miniconda\Library\usr\bin;D:\miniconda\Library\bin;D:\miniconda\Scripts;D:\JAVA\JDK8\bin;C:\ProgramData\Oracle\Java\javapath;C:\WINDOWS\system32;C:\WINDOWS;C:\WINDOWS\System32\Wbem;C:\WINDOWS\System32\WindowsPowerShell\v1.0\;C:\WINDOWS\System32\OpenSSH\;C:\Program Files\Git\cmd;D:\Matlb\bin\win32;D:\apache-tomcat-8.5.87\bin;D:\apache-tomcat-8.5.87\lib;D:\mysql-8.0.33-winx64\bin;D:\mysql-8.0.33-winx64;D:\JAVA\package\apache-maven-3.8.8\bin;D:\XSHELL\;D:\xftp7\;D:\微信web开发者工具\dll;C:\Program Files\dotnet\;D:\nvm;D:\node;C:\Users\Lenovo\AppData\Local\Microsoft\WindowsApps;C:\Users\Lenovo\AppData\Local\GitHubDesktop\bin;D:\Python\PyCharm 2022.1.3\bin;D:\C\CLion 2021.3.4\bin;D:\CatchPackag\Fiddler;C:\Program Files\MySQL\MySQL Server 8.0\bin;D:\JAVA\IntelliJ IDEA 2023.1\bin;;D:\Microsoft VS Code\bin;D:\nvm;D:\node
USERNAME=Lenovo
OS=Windows_NT
PROCESSOR_IDENTIFIER=AMD64 Family 25 Model 80 Stepping 0, AuthenticAMD



---------------  S Y S T E M  ---------------

OS: Windows 10 , 64 bit Build 19041 (10.0.19041.3636)

CPU:total 16 (initial active 16) (16 cores per cpu, 1 threads per core) family 25 model 80 stepping 0, cmov, cx8, fxsr, mmx, sse, sse2, sse3, ssse3, sse4.1, sse4.2, popcnt, avx, avx2, aes, clmul, erms, mmxext, 3dnowpref, lzcnt, sse4a, tsc, tscinvbit, tscinv, bmi1

Memory: 4k page, physical 14528572k(1083008k free), swap 50664120k(0k free)

vm_info: Java HotSpot(TM) 64-Bit Server VM (25.321-b07) for windows-amd64 JRE (1.8.0_321-b07), built on Dec 15 2021 11:19:20 by "java_re" with MS VC++ 15.9 (VS2017)

time: Mon Dec 25 15:17:34 2023
timezone: 中国标准时间
elapsed time: 203.502992 seconds (0d 0h 3m 23s)

